# JRE version: OpenJDK Runtime Environment Temurin-21.0.10+7 (21.0.10+7) (build 21.0.10+7-LTS)
# Java VM: OpenJDK 64-Bit Server VM Temurin-21.0.10+7 (21.0.10+7-LTS, mixed mode, sharing, tiered, compressed oops, compressed class ptrs, parallel gc, windows-amd64)
GC Precious Log:
 CardTable entry size: 512
 CPUs: 8 total, 8 available
 Memory: 6057M
 Large Page Support: Disabled
 NUMA Support: Disabled
 Compressed Oops: Enabled (32-bit)
 Alignments: Space 512K, Generation 512K, Heap 2M
 Heap Min Capacity: 100M
 Heap Initial Capacity: 100M
 Heap Max Capacity: 2G
 Pre-touch: Disabled
 Parallel Workers: 8
Heap:
 PSYoungGen      total 1536K, used 470K [0x00000000d5580000, 0x00000000d5a00000, 0x0000000100000000)
  eden space 1024K, 27% used [0x00000000d5580000,0x00000000d55c5a90,0x00000000d5680000)
  from space 512K, 37% used [0x00000000d5980000,0x00000000d59b0000,0x00000000d5a00000)
  to   space 512K, 0% used [0x00000000d5900000,0x00000000d5900000,0x00000000d5980000)
 ParOldGen       total 335360K, used 335117K [0x0000000080000000, 0x0000000094780000, 0x00000000d5580000)
  object space 335360K, 99% used [0x0000000080000000,0x0000000094743518,0x0000000094780000)
 Metaspace       used 97538K, committed 99200K, reserved 1179648K
  class space    used 9649K, committed 10432K, reserved 1048576K
GC Heap History (20 events):
Event: 269570.409 GC heap before
{Heap before GC invocations=6273 (full 9):
 PSYoungGen      total 1536K, used 1247K [0x00000000d5580000, 0x00000000d5a00000, 0x0000000100000000)
  eden space 1024K, 99% used [0x00000000d5580000,0x00000000d567fff0,0x00000000d5680000)
  from space 512K, 43% used [0x00000000d5980000,0x00000000d59b8000,0x00000000d5a00000)
  to   space 512K, 0% used [0x00000000d5900000,0x00000000d5900000,0x00000000d5980000)
 ParOldGen       total 334336K, used 334236K [0x0000000080000000, 0x0000000094680000, 0x00000000d5580000)
  object space 334336K, 99% used [0x0000000080000000,0x0000000094667098,0x0000000094680000)
 Metaspace       used 97537K, committed 99200K, reserved 1179648K
  class space    used 9649K, committed 10432K, reserved 1048576K
}
Event: 269570.524 GC heap after
{Heap after GC invocations=6273 (full 9):
 PSYoungGen      total 1536K, used 282K [0x00000000d5580000, 0x00000000d5a00000, 0x0000000100000000)
  eden space 1024K, 0% used [0x00000000d5580000,0x00000000d5580000,0x00000000d5680000)
  from space 512K, 55% used [0x00000000d5900000,0x00000000d5946920,0x00000000d5980000)
  to   space 512K, 0% used [0x00000000d5980000,0x00000000d5980000,0x00000000d5a00000)
 ParOldGen       total 334336K, used 334268K [0x0000000080000000, 0x0000000094680000, 0x00000000d5580000)
  object space 334336K, 99% used [0x0000000080000000,0x000000009466f098,0x0000000094680000)
 Metaspace       used 97537K, committed 99200K, reserved 1179648K
  class space    used 9649K, committed 10432K, reserved 1048576K
}
Event: 269570.671 GC heap before
{Heap before GC invocations=6274 (full 9):
 PSYoungGen      total 1536K, used 1306K [0x00000000d5580000, 0x00000000d5a00000, 0x0000000100000000)
  eden space 1024K, 100% used [0x00000000d5580000,0x00000000d5680000,0x00000000d5680000)
  from space 512K, 55% used [0x00000000d5900000,0x00000000d5946920,0x00000000d5980000)
  to   space 512K, 0% used [0x00000000d5980000,0x00000000d5980000,0x00000000d5a00000)
 ParOldGen       total 334336K, used 334268K [0x0000000080000000, 0x0000000094680000, 0x00000000d5580000)
  object space 334336K, 99% used [0x0000000080000000,0x000000009466f098,0x0000000094680000)
 Metaspace       used 97537K, committed 99200K, reserved 1179648K
  class space    used 9649K, committed 10432K, reserved 1048576K
}
Event: 269570.680 GC heap after
{Heap after GC invocations=6274 (full 9):
 PSYoungGen      total 1536K, used 256K [0x00000000d5580000, 0x00000000d5a00000, 0x0000000100000000)
  eden space 1024K, 0% used [0x00000000d5580000,0x00000000d5580000,0x00000000d5680000)
  from space 512K, 50% used [0x00000000d5980000,0x00000000d59c0000,0x00000000d5a00000)
  to   space 512K, 0% used [0x00000000d5900000,0x00000000d5900000,0x00000000d5980000)
 ParOldGen       total 334848K, used 334448K [0x0000000080000000, 0x0000000094700000, 0x00000000d5580000)
  object space 334848K, 99% used [0x0000000080000000,0x000000009469c2b8,0x0000000094700000)
 Metaspace       used 97537K, committed 99200K, reserved 1179648K
  class space    used 9649K, committed 10432K, reserved 1048576K
}
Event: 269570.692 GC heap before
{Heap before GC invocations=6275 (full 9):
 PSYoungGen      total 1536K, used 1275K [0x00000000d5580000, 0x00000000d5a00000, 0x0000000100000000)
  eden space 1024K, 99% used [0x00000000d5580000,0x00000000d567ef30,0x00000000d5680000)
  from space 512K, 50% used [0x00000000d5980000,0x00000000d59c0000,0x00000000d5a00000)
  to   space 512K, 0% used [0x00000000d5900000,0x00000000d5900000,0x00000000d5980000)
 ParOldGen       total 334848K, used 334448K [0x0000000080000000, 0x0000000094700000, 0x00000000d5580000)
  object space 334848K, 99% used [0x0000000080000000,0x000000009469c2b8,0x0000000094700000)
 Metaspace       used 97537K, committed 99200K, reserved 1179648K
  class space    used 9649K, committed 10432K, reserved 1048576K
}
Event: 269570.696 GC heap after
{Heap after GC invocations=6275 (full 9):
 PSYoungGen      total 1536K, used 224K [0x00000000d5580000, 0x00000000d5a00000, 0x0000000100000000)
  eden space 1024K, 0% used [0x00000000d5580000,0x00000000d5580000,0x00000000d5680000)
  from space 512K, 43% used [0x00000000d5900000,0x00000000d5938000,0x00000000d5980000)
  to   space 512K, 0% used [0x00000000d5980000,0x00000000d5980000,0x00000000d5a00000)
 ParOldGen       total 334848K, used 334568K [0x0000000080000000, 0x0000000094700000, 0x00000000d5580000)
  object space 334848K, 99% used [0x0000000080000000,0x00000000946ba2b8,0x0000000094700000)
 Metaspace       used 97537K, committed 99200K, reserved 1179648K
  class space    used 9649K, committed 10432K, reserved 1048576K
}
Event: 269570.719 GC heap before
{Heap before GC invocations=6276 (full 9):
 PSYoungGen      total 1536K, used 1248K [0x00000000d5580000, 0x00000000d5a00000, 0x0000000100000000)
  eden space 1024K, 100% used [0x00000000d5580000,0x00000000d5680000,0x00000000d5680000)
  from space 512K, 43% used [0x00000000d5900000,0x00000000d5938000,0x00000000d5980000)
  to   space 512K, 0% used [0x00000000d5980000,0x00000000d5980000,0x00000000d5a00000)
 ParOldGen       total 334848K, used 334568K [0x0000000080000000, 0x0000000094700000, 0x00000000d5580000)
  object space 334848K, 99% used [0x0000000080000000,0x00000000946ba2b8,0x0000000094700000)
 Metaspace       used 97537K, committed 99200K, reserved 1179648K
  class space    used 9649K, committed 10432K, reserved 1048576K
}
Event: 269570.722 GC heap after
{Heap after GC invocations=6276 (full 9):
 PSYoungGen      total 1536K, used 224K [0x00000000d5580000, 0x00000000d5a00000, 0x0000000100000000)
  eden space 1024K, 0% used [0x00000000d5580000,0x00000000d5580000,0x00000000d5680000)
  from space 512K, 43% used [0x00000000d5980000,0x00000000d59b8000,0x00000000d5a00000)
  to   space 512K, 0% used [0x00000000d5900000,0x00000000d5900000,0x00000000d5980000)
 ParOldGen       total 334848K, used 334624K [0x0000000080000000, 0x0000000094700000, 0x00000000d5580000)
  object space 334848K, 99% used [0x0000000080000000,0x00000000946c82c8,0x0000000094700000)
 Metaspace       used 97537K, committed 99200K, reserved 1179648K
  class space    used 9649K, committed 10432K, reserved 1048576K
}
Event: 269649.413 GC heap before
{Heap before GC invocations=6277 (full 9):
 PSYoungGen      total 1536K, used 1242K [0x00000000d5580000, 0x00000000d5a00000, 0x0000000100000000)
  eden space 1024K, 99% used [0x00000000d5580000,0x00000000d567e948,0x00000000d5680000)
  from space 512K, 43% used [0x00000000d5980000,0x00000000d59b8000,0x00000000d5a00000)
  to   space 512K, 0% used [0x00000000d5900000,0x00000000d5900000,0x00000000d5980000)
 ParOldGen       total 334848K, used 334624K [0x0000000080000000, 0x0000000094700000, 0x00000000d5580000)
  object space 334848K, 99% used [0x0000000080000000,0x00000000946c82c8,0x0000000094700000)
 Metaspace       used 97537K, committed 99200K, reserved 1179648K
  class space    used 9649K, committed 10432K, reserved 1048576K
}
Event: 269649.524 GC heap after
{Heap after GC invocations=6277 (full 9):
 PSYoungGen      total 1536K, used 282K [0x00000000d5580000, 0x00000000d5a00000, 0x0000000100000000)
  eden space 1024K, 0% used [0x00000000d5580000,0x00000000d5580000,0x00000000d5680000)
  from space 512K, 55% used [0x00000000d5900000,0x00000000d5946910,0x00000000d5980000)
  to   space 512K, 0% used [0x00000000d5980000,0x00000000d5980000,0x00000000d5a00000)
 ParOldGen       total 334848K, used 334688K [0x0000000080000000, 0x0000000094700000, 0x00000000d5580000)
  object space 334848K, 99% used [0x0000000080000000,0x00000000946d82d8,0x0000000094700000)
 Metaspace       used 97537K, committed 99200K, reserved 1179648K
  class space    used 9649K, committed 10432K, reserved 1048576K
}
Event: 269649.664 GC heap before
{Heap before GC invocations=6278 (full 9):
 PSYoungGen      total 1536K, used 1306K [0x00000000d5580000, 0x00000000d5a00000, 0x0000000100000000)
  eden space 1024K, 99% used [0x00000000d5580000,0x00000000d567ffa0,0x00000000d5680000)
  from space 512K, 55% used [0x00000000d5900000,0x00000000d5946910,0x00000000d5980000)
  to   space 512K, 0% used [0x00000000d5980000,0x00000000d5980000,0x00000000d5a00000)
 ParOldGen       total 334848K, used 334688K [0x0000000080000000, 0x0000000094700000, 0x00000000d5580000)
  object space 334848K, 99% used [0x0000000080000000,0x00000000946d82d8,0x0000000094700000)
 Metaspace       used 97537K, committed 99200K, reserved 1179648K
  class space    used 9649K, committed 10432K, reserved 1048576K
}
Event: 269649.672 GC heap after
{Heap after GC invocations=6278 (full 9):
 PSYoungGen      total 1536K, used 288K [0x00000000d5580000, 0x00000000d5a00000, 0x0000000100000000)
  eden space 1024K, 0% used [0x00000000d5580000,0x00000000d5580000,0x00000000d5680000)
  from space 512K, 56% used [0x00000000d5980000,0x00000000d59c8010,0x00000000d5a00000)
  to   space 512K, 0% used [0x00000000d5900000,0x00000000d5900000,0x00000000d5980000)
 ParOldGen       total 334848K, used 334837K [0x0000000080000000, 0x0000000094700000, 0x00000000d5580000)
  object space 334848K, 99% used [0x0000000080000000,0x00000000946fd4e8,0x0000000094700000)
 Metaspace       used 97537K, committed 99200K, reserved 1179648K
  class space    used 9649K, committed 10432K, reserved 1048576K
}
Event: 269649.692 GC heap before
{Heap before GC invocations=6279 (full 9):
 PSYoungGen      total 1536K, used 1312K [0x00000000d5580000, 0x00000000d5a00000, 0x0000000100000000)
  eden space 1024K, 100% used [0x00000000d5580000,0x00000000d5680000,0x00000000d5680000)
  from space 512K, 56% used [0x00000000d5980000,0x00000000d59c8010,0x00000000d5a00000)
  to   space 512K, 0% used [0x00000000d5900000,0x00000000d5900000,0x00000000d5980000)
 ParOldGen       total 334848K, used 334837K [0x0000000080000000, 0x0000000094700000, 0x00000000d5580000)
  object space 334848K, 99% used [0x0000000080000000,0x00000000946fd4e8,0x0000000094700000)
 Metaspace       used 97537K, committed 99200K, reserved 1179648K
  class space    used 9649K, committed 10432K, reserved 1048576K
}
Event: 269649.694 GC heap after
{Heap after GC invocations=6279 (full 9):
 PSYoungGen      total 1536K, used 160K [0x00000000d5580000, 0x00000000d5a00000, 0x0000000100000000)
  eden space 1024K, 0% used [0x00000000d5580000,0x00000000d5580000,0x00000000d5680000)
  from space 512K, 31% used [0x00000000d5900000,0x00000000d5928000,0x00000000d5980000)
  to   space 512K, 0% used [0x00000000d5980000,0x00000000d5980000,0x00000000d5a00000)
 ParOldGen       total 335360K, used 334949K [0x0000000080000000, 0x0000000094780000, 0x00000000d5580000)
  object space 335360K, 99% used [0x0000000080000000,0x00000000947194f8,0x0000000094780000)
 Metaspace       used 97537K, committed 99200K, reserved 1179648K
  class space    used 9649K, committed 10432K, reserved 1048576K
}
Event: 269649.701 GC heap before
{Heap before GC invocations=6280 (full 9):
 PSYoungGen      total 1536K, used 1184K [0x00000000d5580000, 0x00000000d5a00000, 0x0000000100000000)
  eden space 1024K, 100% used [0x00000000d5580000,0x00000000d5680000,0x00000000d5680000)
  from space 512K, 31% used [0x00000000d5900000,0x00000000d5928000,0x00000000d5980000)
  to   space 512K, 0% used [0x00000000d5980000,0x00000000d5980000,0x00000000d5a00000)
 ParOldGen       total 335360K, used 334949K [0x0000000080000000, 0x0000000094780000, 0x00000000d5580000)
  object space 335360K, 99% used [0x0000000080000000,0x00000000947194f8,0x0000000094780000)
 Metaspace       used 97537K, committed 99200K, reserved 1179648K
  class space    used 9649K, committed 10432K, reserved 1048576K
}
Event: 269649.704 GC heap after
{Heap after GC invocations=6280 (full 9):
 PSYoungGen      total 1536K, used 224K [0x00000000d5580000, 0x00000000d5a00000, 0x0000000100000000)
  eden space 1024K, 0% used [0x00000000d5580000,0x00000000d5580000,0x00000000d5680000)
  from space 512K, 43% used [0x00000000d5980000,0x00000000d59b8000,0x00000000d5a00000)
  to   space 512K, 0% used [0x00000000d5900000,0x00000000d5900000,0x00000000d5980000)
 ParOldGen       total 335360K, used 334997K [0x0000000080000000, 0x0000000094780000, 0x00000000d5580000)
  object space 335360K, 99% used [0x0000000080000000,0x00000000947254f8,0x0000000094780000)
 Metaspace       used 97537K, committed 99200K, reserved 1179648K
  class space    used 9649K, committed 10432K, reserved 1048576K
}
Event: 269788.809 GC heap before
{Heap before GC invocations=6281 (full 9):
 PSYoungGen      total 1536K, used 1248K [0x00000000d5580000, 0x00000000d5a00000, 0x0000000100000000)
  eden space 1024K, 100% used [0x00000000d5580000,0x00000000d5680000,0x00000000d5680000)
  from space 512K, 43% used [0x00000000d5980000,0x00000000d59b8000,0x00000000d5a00000)
  to   space 512K, 0% used [0x00000000d5900000,0x00000000d5900000,0x00000000d5980000)
 ParOldGen       total 335360K, used 334997K [0x0000000080000000, 0x0000000094780000, 0x00000000d5580000)
  object space 335360K, 99% used [0x0000000080000000,0x00000000947254f8,0x0000000094780000)
 Metaspace       used 97537K, committed 99200K, reserved 1179648K
  class space    used 9649K, committed 10432K, reserved 1048576K
}
Event: 269788.852 GC heap after
{Heap after GC invocations=6281 (full 9):
 PSYoungGen      total 1536K, used 192K [0x00000000d5580000, 0x00000000d5a00000, 0x0000000100000000)
  eden space 1024K, 0% used [0x00000000d5580000,0x00000000d5580000,0x00000000d5680000)
  from space 512K, 37% used [0x00000000d5900000,0x00000000d5930000,0x00000000d5980000)
  to   space 512K, 0% used [0x00000000d5980000,0x00000000d5980000,0x00000000d5a00000)
 ParOldGen       total 335360K, used 335053K [0x0000000080000000, 0x0000000094780000, 0x00000000d5580000)
  object space 335360K, 99% used [0x0000000080000000,0x0000000094733518,0x0000000094780000)
 Metaspace       used 97537K, committed 99200K, reserved 1179648K
  class space    used 9649K, committed 10432K, reserved 1048576K
}
Event: 270229.097 GC heap before
{Heap before GC invocations=6282 (full 9):
 PSYoungGen      total 1536K, used 1215K [0x00000000d5580000, 0x00000000d5a00000, 0x0000000100000000)
  eden space 1024K, 99% used [0x00000000d5580000,0x00000000d567ff80,0x00000000d5680000)
  from space 512K, 37% used [0x00000000d5900000,0x00000000d5930000,0x00000000d5980000)
  to   space 512K, 0% used [0x00000000d5980000,0x00000000d5980000,0x00000000d5a00000)
 ParOldGen       total 335360K, used 335053K [0x0000000080000000, 0x0000000094780000, 0x00000000d5580000)
  object space 335360K, 99% used [0x0000000080000000,0x0000000094733518,0x0000000094780000)
 Metaspace       used 97538K, committed 99200K, reserved 1179648K
  class space    used 9649K, committed 10432K, reserved 1048576K
}
Event: 270229.286 GC heap after
{Heap after GC invocations=6282 (full 9):
 PSYoungGen      total 1536K, used 192K [0x00000000d5580000, 0x00000000d5a00000, 0x0000000100000000)
  eden space 1024K, 0% used [0x00000000d5580000,0x00000000d5580000,0x00000000d5680000)
  from space 512K, 37% used [0x00000000d5980000,0x00000000d59b0000,0x00000000d5a00000)
  to   space 512K, 0% used [0x00000000d5900000,0x00000000d5900000,0x00000000d5980000)
 ParOldGen       total 335360K, used 335117K [0x0000000080000000, 0x0000000094780000, 0x00000000d5580000)
  object space 335360K, 99% used [0x0000000080000000,0x0000000094743518,0x0000000094780000)
 Metaspace       used 97538K, committed 99200K, reserved 1179648K
  class space    used 9649K, committed 10432K, reserved 1048576K
}

